<?xml version="1.0" encoding="UTF-8" ?>
<testsuite failures="0" time="2.674" errors="0" skipped="1" tests="5" name="org.jscep.client.ClientTest">
  <properties>
[...]
</properties>
  <testcase time="0.662" classname="org.jscep.client.ClientTest" name="testRenewalEnrollAllowed">
    <skipped/>
  </testcase>
  <testcase time="0.506" classname="org.jscep.client.ClientTest" name="testEnroll"/>
  <testcase time="0.662" classname="org.jscep.client.ClientTest" name="testEnrollThenGet"/>
  <testcase time="0.544" classname="org.jscep.client.ClientTest" name="testEnrollInvalidPassword"/>
  <testcase time="0.21" classname="org.jscep.client.ClientTest" name="cgiProgIsIgnoredForIssue24"/>
</testsuite>